[INFO] Scanning for projects...
[INFO] 
[INFO] ----------------------< com.shoppeclone:backend >-----------------------
[INFO] Building backend 0.0.1-SNAPSHOT
[INFO]   from pom.xml
[INFO] --------------------------------[ jar ]---------------------------------
[INFO] 
[INFO] --- resources:3.3.1:resources (default-resources) @ backend ---
[INFO] Copying 1 resource from src\main\resources to target\classes
[INFO] Copying 40 resources from src\main\resources to target\classes
[INFO] 
[INFO] --- compiler:3.11.0:compile (default-compile) @ backend ---
[INFO] Changes detected - recompiling the module! :source
[INFO] Compiling 216 source files with javac [debug release 21] to target\classes
[INFO] /C:/Group2_Lab211_WebShopee/src/Backend/src/main/java/com/shoppeclone/backend/common/service/CloudinaryService.java: C:\Group2_Lab211_WebShopee\src\Backend\src\main\java\com\shoppeclone\backend\common\service\CloudinaryService.java uses unchecked or unsafe operations.
[INFO] /C:/Group2_Lab211_WebShopee/src/Backend/src/main/java/com/shoppeclone/backend/common/service/CloudinaryService.java: Recompile with -Xlint:unchecked for details.
[INFO] -------------------------------------------------------------
[ERROR] COMPILATION ERROR : 
[INFO] -------------------------------------------------------------
[ERROR] /C:/Group2_Lab211_WebShopee/src/Backend/src/main/java/com/shoppeclone/backend/promotion/service/impl/FlashSaleServiceImpl.java:[95,21] cannot find symbol
  symbol:   method setProductId(java.lang.String)
  location: variable registration of type com.shoppeclone.backend.promotion.entity.FlashSaleItem
[ERROR] /C:/Group2_Lab211_WebShopee/src/Backend/src/main/java/com/shoppeclone/backend/promotion/service/impl/FlashSaleServiceImpl.java:[118,105] cannot find symbol
  symbol:   method getProductId()
  location: variable registration of type com.shoppeclone.backend.promotion.entity.FlashSaleItem
[ERROR] /C:/Group2_Lab211_WebShopee/src/Backend/src/main/java/com/shoppeclone/backend/promotion/service/impl/FlashSaleScheduler.java:[48,66] cannot find symbol
  symbol:   method getProductId()
  location: variable item of type com.shoppeclone.backend.promotion.entity.FlashSaleItem
[ERROR] /C:/Group2_Lab211_WebShopee/src/Backend/src/main/java/com/shoppeclone/backend/promotion/service/impl/FlashSaleScheduler.java:[71,66] cannot find symbol
  symbol:   method getProductId()
  location: variable item of type com.shoppeclone.backend.promotion.entity.FlashSaleItem
[INFO] 4 errors 
[INFO] -------------------------------------------------------------
[INFO] ------------------------------------------------------------------------
[INFO] BUILD FAILURE
[INFO] ------------------------------------------------------------------------
[INFO] Total time:  28.078 s
[INFO] Finished at: 2026-02-11T10:54:17+07:00
[INFO] ------------------------------------------------------------------------
[ERROR] Failed to execute goal org.apache.maven.plugins:maven-compiler-plugin:3.11.0:compile (default-compile) on project backend: Compilation failure: Compilation failure: 
[ERROR] /C:/Group2_Lab211_WebShopee/src/Backend/src/main/java/com/shoppeclone/backend/promotion/service/impl/FlashSaleServiceImpl.java:[95,21] cannot find symbol
[ERROR]   symbol:   method setProductId(java.lang.String)
[ERROR]   location: variable registration of type com.shoppeclone.backend.promotion.entity.FlashSaleItem
[ERROR] /C:/Group2_Lab211_WebShopee/src/Backend/src/main/java/com/shoppeclone/backend/promotion/service/impl/FlashSaleServiceImpl.java:[118,105] cannot find symbol
[ERROR]   symbol:   method getProductId()
[ERROR]   location: variable registration of type com.shoppeclone.backend.promotion.entity.FlashSaleItem
[ERROR] /C:/Group2_Lab211_WebShopee/src/Backend/src/main/java/com/shoppeclone/backend/promotion/service/impl/FlashSaleScheduler.java:[48,66] cannot find symbol
[ERROR]   symbol:   method getProductId()
[ERROR]   location: variable item of type com.shoppeclone.backend.promotion.entity.FlashSaleItem
[ERROR] /C:/Group2_Lab211_WebShopee/src/Backend/src/main/java/com/shoppeclone/backend/promotion/service/impl/FlashSaleScheduler.java:[71,66] cannot find symbol
[ERROR]   symbol:   method getProductId()
[ERROR]   location: variable item of type com.shoppeclone.backend.promotion.entity.FlashSaleItem
[ERROR] -> [Help 1]
[ERROR] 
[ERROR] To see the full stack trace of the errors, re-run Maven with the -e switch.
[ERROR] Re-run Maven using the -X switch to enable full debug logging.
[ERROR] 
[ERROR] For more information about the errors and possible solutions, please read the following articles:
[ERROR] [Help 1] http://cwiki.apache.org/confluence/display/MAVEN/MojoFailureException
